<?xml version="1.0" encoding="UTF-8"?>
<!-- Generated by org.testng.reporters.JUnitReportReporter -->
<testsuite skipped="0" hostname="laptop-PC" name="tstproject.tstcart" tests="1" failures="0" timestamp="08 Jan 2020 03:46:18 GMT" time="1.822" errors="0">
  <testcase name="verifytab" time="1.822" classname="tstproject.tstcart"/>
</testsuite> <!-- tstproject.tstcart -->
