<?xml version="1.0" encoding="UTF-8"?>
<!-- Generated by org.testng.reporters.JUnitReportReporter -->
<testsuite skipped="0" hostname="laptop-PC" name="tstproject.Testsub" tests="1" failures="0" timestamp="24 Dec 2019 07:20:23 GMT" time="3.835" errors="0">
  <testcase name="verifymsg" time="3.835" classname="tstproject.Testsub"/>
</testsuite> <!-- tstproject.Testsub -->
